<?xml version="1.0" encoding="UTF-8"?>
<!-- Generated by org.testng.reporters.JUnitReportReporter -->
<testsuite hostname="DESKTOP-EMG6711" failures="0" tests="2" name="tests.LoginTest" time="22.335" errors="0" timestamp="2022-02-17T22:51:46 GMT" skipped="0">
  <testcase classname="tests.LoginTest" name="login" time="6.626"/>
  <system-out/>
  <testcase classname="tests.LoginTest" name="login" time="15.709"/>
  <system-out/>
</testsuite> <!-- tests.LoginTest -->
