<?xml version="1.0" encoding="UTF-8"?>
<!-- Generated by org.testng.reporters.JUnitReportReporter -->
<testsuite hostname="DESKTOP-EMG6711" failures="0" tests="1" name="tests.WishListTest" time="0.004" errors="0" timestamp="2022-02-17T16:54:54 GMT" skipped="0">
  <testcase classname="tests.WishListTest" name="wishList" time="0.004"/>
  <system-out/>
</testsuite> <!-- tests.WishListTest -->
