<?xml version="1.0" encoding="UTF-8"?>
<!-- Generated by org.testng.reporters.JUnitReportReporter -->
<testsuite hostname="DESKTOP-EMG6711" failures="0" tests="2" name="tests.LoginTest" time="24.797" errors="0" timestamp="2022-02-17T16:54:54 GMT" skipped="0">
  <testcase classname="tests.LoginTest" name="login" time="16.036"/>
  <system-out/>
  <testcase classname="tests.LoginTest" name="login" time="8.761"/>
  <system-out/>
</testsuite> <!-- tests.LoginTest -->
