<?xml version="1.0" encoding="UTF-8"?>
<!-- Generated by org.testng.reporters.JUnitReportReporter -->
<testsuite hostname="DESKTOP-EMG6711" failures="0" tests="1" name="tests.RegistrationTest" time="0.000" errors="0" timestamp="2022-02-17T16:54:54 GMT" skipped="0">
  <testcase classname="tests.RegistrationTest" name="register" time="0.000"/>
  <system-out/>
</testsuite> <!-- tests.RegistrationTest -->
